# !SESSION 2025-10-03 13:19:01.708
# version: 1.1
# verbose: true
# The following option strings are specified for this debug session:
# 	com.e1c.g5.v8.dt.platform.standaloneserver.wst.core/debug=true
# 	org.eclipse.core.runtime/perf/success=true
# 	com._1c.g5.v8.dt.compare/debug=true
# 	com.e1c.g5.v8.dt.platform.standaloneserver.core/debug=true
# 	com._1c.g5.v8.dt.platform.services.core/trace/infobase/resource-processing=true
# 	com.e1c.g5.v8.dt.platform.cloud.core/trace/cloud/sync/console=true
# 	com.e1c.g5.v8.dt.platform.cloud.core/debug=true
# 	com._1c.g5.v8.dt.platform.services.core/trace/infobase/load=true
# 	org.eclipse.core.runtime/debug=true
# 	org.eclipse.core.runtime/perf=true
# 	com.e1c.g5.v8.dt.platform.standaloneserver.core/trace=true
# 	org.eclipse.wst.server.core/severe=true
# 	com._1c.g5.v8.dt.platform.services.core/trace/platform=true
# 	com.e1c.g5.v8.dt.platform.cloud.core/trace/cloud/process=true
# 	com.e1c.g5.v8.dt.platform.cloud.core/trace/cloud/tunnel/console=true
# 	com._1c.g5.v8.dt.platform.services.core/trace/infobase/load/object-resolve=true
# 	com.e1c.g5.v8.dt.platform.cloud.wst.core/debug=true
# 	com._1c.g5.v8.dt.platform.services.core/preferences/keep-temp-files/fail=true
# 	com.e1c.g5.v8.dt.platform.cloud.wst.core/trace=true
# 	com._1c.g5.v8.dt.platform.services.core/debug=true
# 	com._1c.g5.v8.dt.compare/trace/git-merge=true
# 	com.e1c.g5.v8.dt.platform.standaloneserver.wst.core/trace=true
# 	com.e1c.g5.v8.dt.platform.cloud.core/trace/cloud=true
| pool-1-thread-7 | 2025-10-03 13:19:01.708 | com.e1c.g5.v8.dt.platform.standaloneserver.wst.core | /trace | com.e1c.g5.v8.dt.internal.platform.standaloneserver.wst.core.StandaloneServerWstPlugin | trace | 196 | Populating runtimes upon service activation |
| pool-1-thread-7 | 2025-10-03 13:19:02.719 | com._1c.g5.v8.dt.platform.services.core | /trace/platform | com._1c.g5.v8.dt.internal.platform.services.core.PlatformServicesCore | trace | 221 | Reevaluating supported platform installations |
| pool-1-thread-7 | 2025-10-03 13:19:02.721 | com._1c.g5.v8.dt.platform.services.core | /trace/platform | com._1c.g5.v8.dt.internal.platform.services.core.PlatformServicesCore | trace | 221 | Reevaluating registered platform installations |
| pool-1-thread-7 | 2025-10-03 13:19:02.722 | com._1c.g5.v8.dt.platform.services.core | /trace/platform | com._1c.g5.v8.dt.internal.platform.services.core.PlatformServicesCore | trace | 237 | Loaded list of platform installations from store: 0 total |
| ForkJoinPool.commonPool-worker-1 | 2025-10-03 13:19:02.912 | com._1c.g5.v8.dt.platform.services.core | /trace/platform | com._1c.g5.v8.dt.internal.platform.services.core.PlatformServicesCore | trace | 237 | Saving list of platform installations to store: 30 added, 0 removed, 30 total |
# !SESSION 2025-10-03 13:25:29.983
# version: 1.1
# verbose: true
# The following option strings are specified for this debug session:
# 	com.e1c.g5.v8.dt.platform.standaloneserver.wst.core/debug=true
# 	org.eclipse.core.runtime/perf/success=true
# 	com._1c.g5.v8.dt.compare/debug=true
# 	com.e1c.g5.v8.dt.platform.standaloneserver.core/debug=true
# 	com._1c.g5.v8.dt.platform.services.core/trace/infobase/resource-processing=true
# 	com.e1c.g5.v8.dt.platform.cloud.core/trace/cloud/sync/console=true
# 	com.e1c.g5.v8.dt.platform.cloud.core/debug=true
# 	com._1c.g5.v8.dt.platform.services.core/trace/infobase/load=true
# 	org.eclipse.core.runtime/debug=true
# 	org.eclipse.core.runtime/perf=true
# 	com.e1c.g5.v8.dt.platform.standaloneserver.core/trace=true
# 	org.eclipse.wst.server.core/severe=true
# 	com._1c.g5.v8.dt.platform.services.core/trace/platform=true
# 	com.e1c.g5.v8.dt.platform.cloud.core/trace/cloud/process=true
# 	com.e1c.g5.v8.dt.platform.cloud.core/trace/cloud/tunnel/console=true
# 	com._1c.g5.v8.dt.platform.services.core/trace/infobase/load/object-resolve=true
# 	com.e1c.g5.v8.dt.platform.cloud.wst.core/debug=true
# 	com._1c.g5.v8.dt.platform.services.core/preferences/keep-temp-files/fail=true
# 	com.e1c.g5.v8.dt.platform.cloud.wst.core/trace=true
# 	com._1c.g5.v8.dt.platform.services.core/debug=true
# 	com._1c.g5.v8.dt.compare/trace/git-merge=true
# 	com.e1c.g5.v8.dt.platform.standaloneserver.wst.core/trace=true
# 	com.e1c.g5.v8.dt.platform.cloud.core/trace/cloud=true
| pool-1-thread-23 | 2025-10-03 13:25:29.983 | com.e1c.g5.v8.dt.platform.standaloneserver.wst.core | /trace | com.e1c.g5.v8.dt.internal.platform.standaloneserver.wst.core.StandaloneServerWstPlugin | trace | 196 | Populating runtimes upon service activation |
| pool-1-thread-23 | 2025-10-03 13:25:30.133 | com._1c.g5.v8.dt.platform.services.core | /trace/platform | com._1c.g5.v8.dt.internal.platform.services.core.PlatformServicesCore | trace | 221 | Reevaluating supported platform installations |
| pool-1-thread-23 | 2025-10-03 13:25:30.134 | com._1c.g5.v8.dt.platform.services.core | /trace/platform | com._1c.g5.v8.dt.internal.platform.services.core.PlatformServicesCore | trace | 221 | Reevaluating registered platform installations |
| pool-1-thread-23 | 2025-10-03 13:25:30.158 | com._1c.g5.v8.dt.platform.services.core | /trace/platform | com._1c.g5.v8.dt.internal.platform.services.core.PlatformServicesCore | trace | 237 | Loaded list of platform installations from store: 30 total |
| ForkJoinPool.commonPool-worker-1 | 2025-10-03 13:25:30.405 | com._1c.g5.v8.dt.platform.services.core | /trace/platform | com._1c.g5.v8.dt.internal.platform.services.core.PlatformServicesCore | trace | 237 | Saving list of platform installations to store: 30 added, 0 removed, 30 total |
# !SESSION 2025-10-03 13:34:18.993
# version: 1.1
# verbose: true
# The following option strings are specified for this debug session:
# 	com.e1c.g5.v8.dt.platform.standaloneserver.wst.core/debug=true
# 	org.eclipse.core.runtime/perf/success=true
# 	com._1c.g5.v8.dt.compare/debug=true
# 	com.e1c.g5.v8.dt.platform.standaloneserver.core/debug=true
# 	com._1c.g5.v8.dt.platform.services.core/trace/infobase/resource-processing=true
# 	com.e1c.g5.v8.dt.platform.cloud.core/trace/cloud/sync/console=true
# 	com.e1c.g5.v8.dt.platform.cloud.core/debug=true
# 	com._1c.g5.v8.dt.platform.services.core/trace/infobase/load=true
# 	org.eclipse.core.runtime/debug=true
# 	org.eclipse.core.runtime/perf=true
# 	com.e1c.g5.v8.dt.platform.standaloneserver.core/trace=true
# 	org.eclipse.wst.server.core/severe=true
# 	com._1c.g5.v8.dt.platform.services.core/trace/platform=true
# 	com.e1c.g5.v8.dt.platform.cloud.core/trace/cloud/process=true
# 	com.e1c.g5.v8.dt.platform.cloud.core/trace/cloud/tunnel/console=true
# 	com._1c.g5.v8.dt.platform.services.core/trace/infobase/load/object-resolve=true
# 	com.e1c.g5.v8.dt.platform.cloud.wst.core/debug=true
# 	com._1c.g5.v8.dt.platform.services.core/preferences/keep-temp-files/fail=true
# 	com.e1c.g5.v8.dt.platform.cloud.wst.core/trace=true
# 	com._1c.g5.v8.dt.platform.services.core/debug=true
# 	com._1c.g5.v8.dt.compare/trace/git-merge=true
# 	com.e1c.g5.v8.dt.platform.standaloneserver.wst.core/trace=true
# 	com.e1c.g5.v8.dt.platform.cloud.core/trace/cloud=true
| pool-1-thread-24 | 2025-10-03 13:34:18.993 | com.e1c.g5.v8.dt.platform.standaloneserver.wst.core | /trace | com.e1c.g5.v8.dt.internal.platform.standaloneserver.wst.core.StandaloneServerWstPlugin | trace | 196 | Populating runtimes upon service activation |
| pool-1-thread-24 | 2025-10-03 13:34:19.129 | com._1c.g5.v8.dt.platform.services.core | /trace/platform | com._1c.g5.v8.dt.internal.platform.services.core.PlatformServicesCore | trace | 221 | Reevaluating supported platform installations |
| pool-1-thread-24 | 2025-10-03 13:34:19.130 | com._1c.g5.v8.dt.platform.services.core | /trace/platform | com._1c.g5.v8.dt.internal.platform.services.core.PlatformServicesCore | trace | 221 | Reevaluating registered platform installations |
| pool-1-thread-24 | 2025-10-03 13:34:19.157 | com._1c.g5.v8.dt.platform.services.core | /trace/platform | com._1c.g5.v8.dt.internal.platform.services.core.PlatformServicesCore | trace | 237 | Loaded list of platform installations from store: 30 total |
| ForkJoinPool.commonPool-worker-1 | 2025-10-03 13:34:19.442 | com._1c.g5.v8.dt.platform.services.core | /trace/platform | com._1c.g5.v8.dt.internal.platform.services.core.PlatformServicesCore | trace | 237 | Saving list of platform installations to store: 30 added, 0 removed, 30 total |
| Worker-25: Активация проектного контекста | 2025-10-03 13:36:23.300 | com._1c.g5.v8.dt.platform.services.core | /trace/infobase/resource-processing | com._1c.g5.v8.dt.internal.platform.services.core.PlatformServicesCore | trace | 237 | File has been synchronized with BM, going to determine list of what to update on infobase side: L/task-tracker-1c/src/Configuration/Configuration.mdo |
| Worker-25: Активация проектного контекста | 2025-10-03 13:36:23.301 | com._1c.g5.v8.dt.platform.services.core | /trace/infobase/resource-processing | com._1c.g5.v8.dt.internal.platform.services.core.PlatformServicesCore | trace | 237 | File has been synchronized with BM, going to determine list of what to update on infobase side: L/task-tracker-1c/src/CommonModules/тз_ОбщегоНазначенияТрекер/Module.bsl |
| Worker-25: Активация проектного контекста | 2025-10-03 13:36:23.301 | com._1c.g5.v8.dt.platform.services.core | /trace/infobase/resource-processing | com._1c.g5.v8.dt.internal.platform.services.core.PlatformServicesCore | trace | 237 | File has been synchronized with BM, going to determine list of what to update on infobase side: L/task-tracker-1c/src/CommonCommands/тз_Пользователи/CommandModule.bsl |
| Worker-25: Активация проектного контекста | 2025-10-03 13:36:23.301 | com._1c.g5.v8.dt.platform.services.core | /trace/infobase/resource-processing | com._1c.g5.v8.dt.internal.platform.services.core.PlatformServicesCore | trace | 237 | File has been synchronized with BM, going to determine list of what to update on infobase side: L/task-tracker-1c/src/CommonModules/тз_ОбщегоНазначенияКлиентСервер/Module.bsl |
| Worker-25: Активация проектного контекста | 2025-10-03 13:36:23.302 | com._1c.g5.v8.dt.platform.services.core | /trace/infobase/resource-processing | com._1c.g5.v8.dt.internal.platform.services.core.PlatformServicesCore | trace | 237 | File has been synchronized with BM, going to determine list of what to update on infobase side: L/task-tracker-1c/src/CommonCommands/тз_СписокЗаданийПроекты/CommandModule.bsl |
| Worker-25: Активация проектного контекста | 2025-10-03 13:36:23.302 | com._1c.g5.v8.dt.platform.services.core | /trace/infobase/resource-processing | com._1c.g5.v8.dt.internal.platform.services.core.PlatformServicesCore | trace | 237 | File has been synchronized with BM, going to determine list of what to update on infobase side: L/task-tracker-1c/src/InformationRegisters/тз_ХранилищеФайлов/RecordSetModule.bsl |
| Worker-25: Активация проектного контекста | 2025-10-03 13:36:23.302 | com._1c.g5.v8.dt.platform.services.core | /trace/infobase/resource-processing | com._1c.g5.v8.dt.internal.platform.services.core.PlatformServicesCore | trace | 237 | File has been synchronized with BM, going to determine list of what to update on infobase side: L/task-tracker-1c/src/Documents/тз_Задание/ObjectModule.bsl |
| Worker-25: Активация проектного контекста | 2025-10-03 13:36:23.302 | com._1c.g5.v8.dt.platform.services.core | /trace/infobase/resource-processing | com._1c.g5.v8.dt.internal.platform.services.core.PlatformServicesCore | trace | 237 | File has been synchronized with BM, going to determine list of what to update on infobase side: L/task-tracker-1c/src/InformationRegisters/тз_ХранилищеФайлов/ManagerModule.bsl |
| Worker-25: Активация проектного контекста | 2025-10-03 13:36:23.303 | com._1c.g5.v8.dt.platform.services.core | /trace/infobase/resource-processing | com._1c.g5.v8.dt.internal.platform.services.core.PlatformServicesCore | trace | 237 | File has been synchronized with BM, going to determine list of what to update on infobase side: L/task-tracker-1c/src/CommonTemplates/тз_ШаблонВыводаЗадания/Template.txt |
| Worker-25: Активация проектного контекста | 2025-10-03 13:36:23.303 | com._1c.g5.v8.dt.platform.services.core | /trace/infobase/resource-processing | com._1c.g5.v8.dt.internal.platform.services.core.PlatformServicesCore | trace | 237 | File has been synchronized with BM, going to determine list of what to update on infobase side: L/task-tracker-1c/src/CommonCommands/тз_СписокЗаданийЭтапы/CommandModule.bsl |
| Worker-25: Активация проектного контекста | 2025-10-03 13:36:23.303 | com._1c.g5.v8.dt.platform.services.core | /trace/infobase/resource-processing | com._1c.g5.v8.dt.internal.platform.services.core.PlatformServicesCore | trace | 237 | File has been synchronized with BM, going to determine list of what to update on infobase side: L/task-tracker-1c/src/InformationRegisters/тз_ХранилищеФайлов/Forms/ФормаЗаписи/Module.bsl |
| Worker-25: Активация проектного контекста | 2025-10-03 13:36:23.303 | com._1c.g5.v8.dt.platform.services.core | /trace/infobase/resource-processing | com._1c.g5.v8.dt.internal.platform.services.core.PlatformServicesCore | trace | 237 | File has been synchronized with BM, going to determine list of what to update on infobase side: L/task-tracker-1c/src/Catalogs/тз_ХранилищеДвоичныхДанных/ManagerModule.bsl |
| Worker-25: Активация проектного контекста | 2025-10-03 13:36:23.304 | com._1c.g5.v8.dt.platform.services.core | /trace/infobase/resource-processing | com._1c.g5.v8.dt.internal.platform.services.core.PlatformServicesCore | trace | 237 | File has been synchronized with BM, going to determine list of what to update on infobase side: L/task-tracker-1c/src/CommonModules/тз_ОбщегоНазначения/Module.bsl |
| Worker-25: Активация проектного контекста | 2025-10-03 13:36:23.304 | com._1c.g5.v8.dt.platform.services.core | /trace/infobase/resource-processing | com._1c.g5.v8.dt.internal.platform.services.core.PlatformServicesCore | trace | 237 | File has been synchronized with BM, going to determine list of what to update on infobase side: L/task-tracker-1c/src/Catalogs/тз_Приоритеты/ManagerModule.bsl |
| Worker-25: Активация проектного контекста | 2025-10-03 13:36:23.304 | com._1c.g5.v8.dt.platform.services.core | /trace/infobase/resource-processing | com._1c.g5.v8.dt.internal.platform.services.core.PlatformServicesCore | trace | 237 | File has been synchronized with BM, going to determine list of what to update on infobase side: L/task-tracker-1c/src/Catalogs/тз_Комментарии/ManagerModule.bsl |
| Worker-25: Активация проектного контекста | 2025-10-03 13:36:23.304 | com._1c.g5.v8.dt.platform.services.core | /trace/infobase/resource-processing | com._1c.g5.v8.dt.internal.platform.services.core.PlatformServicesCore | trace | 237 | File has been synchronized with BM, going to determine list of what to update on infobase side: L/task-tracker-1c/src/Catalogs/тз_ПрофилиЗаданий/ManagerModule.bsl |
| Worker-25: Активация проектного контекста | 2025-10-03 13:36:23.305 | com._1c.g5.v8.dt.platform.services.core | /trace/infobase/resource-processing | com._1c.g5.v8.dt.internal.platform.services.core.PlatformServicesCore | trace | 237 | File has been synchronized with BM, going to determine list of what to update on infobase side: L/task-tracker-1c/src/InformationRegisters/тз_ХранилищеФайлов/Forms/ФормаСписка/Module.bsl |
| Worker-25: Активация проектного контекста | 2025-10-03 13:36:23.305 | com._1c.g5.v8.dt.platform.services.core | /trace/infobase/resource-processing | com._1c.g5.v8.dt.internal.platform.services.core.PlatformServicesCore | trace | 237 | File has been synchronized with BM, going to determine list of what to update on infobase side: L/task-tracker-1c/src/Configuration/ManagedApplicationModule.bsl |
| Worker-25: Активация проектного контекста | 2025-10-03 13:36:23.305 | com._1c.g5.v8.dt.platform.services.core | /trace/infobase/resource-processing | com._1c.g5.v8.dt.internal.platform.services.core.PlatformServicesCore | trace | 237 | File has been synchronized with BM, going to determine list of what to update on infobase side: L/task-tracker-1c/src/CommonModules/тз_РаботаСФайламиКлиентСервер/Module.bsl |
| Worker-25: Активация проектного контекста | 2025-10-03 13:36:23.306 | com._1c.g5.v8.dt.platform.services.core | /trace/infobase/resource-processing | com._1c.g5.v8.dt.internal.platform.services.core.PlatformServicesCore | trace | 237 | File has been synchronized with BM, going to determine list of what to update on infobase side: L/task-tracker-1c/src/CommonCommands/тз_Этапы/CommandModule.bsl |
| Worker-25: Активация проектного контекста | 2025-10-03 13:36:23.306 | com._1c.g5.v8.dt.platform.services.core | /trace/infobase/resource-processing | com._1c.g5.v8.dt.internal.platform.services.core.PlatformServicesCore | trace | 237 | File has been synchronized with BM, going to determine list of what to update on infobase side: L/task-tracker-1c/src/CommonModules/тз_Пользователи/Module.bsl |
| Worker-25: Активация проектного контекста | 2025-10-03 13:36:23.306 | com._1c.g5.v8.dt.platform.services.core | /trace/infobase/resource-processing | com._1c.g5.v8.dt.internal.platform.services.core.PlatformServicesCore | trace | 237 | File has been synchronized with BM, going to determine list of what to update on infobase side: L/task-tracker-1c/src/CommonForms/ОПрограмме/Module.bsl |
| Worker-25: Активация проектного контекста | 2025-10-03 13:36:23.307 | com._1c.g5.v8.dt.platform.services.core | /trace/infobase/resource-processing | com._1c.g5.v8.dt.internal.platform.services.core.PlatformServicesCore | trace | 237 | File has been synchronized with BM, going to determine list of what to update on infobase side: L/task-tracker-1c/src/Documents/тз_Задание/Commands/КомандаОткрытьСписокЗаданий/CommandModule.bsl |
| Worker-25: Активация проектного контекста | 2025-10-03 13:36:23.307 | com._1c.g5.v8.dt.platform.services.core | /trace/infobase/resource-processing | com._1c.g5.v8.dt.internal.platform.services.core.PlatformServicesCore | trace | 237 | File has been synchronized with BM, going to determine list of what to update on infobase side: L/task-tracker-1c/src/Configuration/SessionModule.bsl |
| Worker-25: Активация проектного контекста | 2025-10-03 13:36:23.307 | com._1c.g5.v8.dt.platform.services.core | /trace/infobase/resource-processing | com._1c.g5.v8.dt.internal.platform.services.core.PlatformServicesCore | trace | 237 | File has been synchronized with BM, going to determine list of what to update on infobase side: L/task-tracker-1c/src/CommonForms/тз_ФормаНастроекТрекера/Module.bsl |
| Worker-25: Активация проектного контекста | 2025-10-03 13:36:23.307 | com._1c.g5.v8.dt.platform.services.core | /trace/infobase/resource-processing | com._1c.g5.v8.dt.internal.platform.services.core.PlatformServicesCore | trace | 237 | File has been synchronized with BM, going to determine list of what to update on infobase side: L/task-tracker-1c/src/ChartsOfCharacteristicTypes/тз_ВидыАналитик/ObjectModule.bsl |
| Worker-25: Активация проектного контекста | 2025-10-03 13:36:23.308 | com._1c.g5.v8.dt.platform.services.core | /trace/infobase/resource-processing | com._1c.g5.v8.dt.internal.platform.services.core.PlatformServicesCore | trace | 237 | File has been synchronized with BM, going to determine list of what to update on infobase side: L/task-tracker-1c/src/CommonModules/тз_РаботаСФайламиВызовСервера/Module.bsl |
| Worker-25: Активация проектного контекста | 2025-10-03 13:36:23.308 | com._1c.g5.v8.dt.platform.services.core | /trace/infobase/resource-processing | com._1c.g5.v8.dt.internal.platform.services.core.PlatformServicesCore | trace | 237 | File has been synchronized with BM, going to determine list of what to update on infobase side: L/task-tracker-1c/src/Documents/тз_Задание/Forms/ФормаЗадания/Module.bsl |
| Worker-25: Активация проектного контекста | 2025-10-03 13:36:23.308 | com._1c.g5.v8.dt.platform.services.core | /trace/infobase/resource-processing | com._1c.g5.v8.dt.internal.platform.services.core.PlatformServicesCore | trace | 237 | File has been synchronized with BM, going to determine list of what to update on infobase side: L/task-tracker-1c/src/CommonModules/тз_ОбщегоНазначенияКлиентСерверТрекер/Module.bsl |
| Worker-25: Активация проектного контекста | 2025-10-03 13:36:23.308 | com._1c.g5.v8.dt.platform.services.core | /trace/infobase/resource-processing | com._1c.g5.v8.dt.internal.platform.services.core.PlatformServicesCore | trace | 237 | File has been synchronized with BM, going to determine list of what to update on infobase side: L/task-tracker-1c/src/CommonCommands/тз_СписокЗаданийПользователь/CommandModule.bsl |
| Worker-25: Активация проектного контекста | 2025-10-03 13:36:23.309 | com._1c.g5.v8.dt.platform.services.core | /trace/infobase/resource-processing | com._1c.g5.v8.dt.internal.platform.services.core.PlatformServicesCore | trace | 237 | File has been synchronized with BM, going to determine list of what to update on infobase side: L/task-tracker-1c/src/CommonModules/тз_ОбщегоНазначенияСлужебныйКлиентСервер/Module.bsl |
| Worker-25: Активация проектного контекста | 2025-10-03 13:36:23.309 | com._1c.g5.v8.dt.platform.services.core | /trace/infobase/resource-processing | com._1c.g5.v8.dt.internal.platform.services.core.PlatformServicesCore | trace | 237 | File has been synchronized with BM, going to determine list of what to update on infobase side: L/task-tracker-1c/src/Catalogs/тз_Комментарии/Forms/ФормаЭлемента/Module.bsl |
| Worker-25: Активация проектного контекста | 2025-10-03 13:36:23.309 | com._1c.g5.v8.dt.platform.services.core | /trace/infobase/resource-processing | com._1c.g5.v8.dt.internal.platform.services.core.PlatformServicesCore | trace | 237 | File has been synchronized with BM, going to determine list of what to update on infobase side: L/task-tracker-1c/src/CommonModules/тз_ОбновлениеИнформационнойБазыТрекер/Module.bsl |
| Worker-25: Активация проектного контекста | 2025-10-03 13:36:23.309 | com._1c.g5.v8.dt.platform.services.core | /trace/infobase/resource-processing | com._1c.g5.v8.dt.internal.platform.services.core.PlatformServicesCore | trace | 237 | File has been synchronized with BM, going to determine list of what to update on infobase side: L/task-tracker-1c/src/CommonCommands/тз_ОткрытьНастройкиТрекера/CommandModule.bsl |
| Worker-25: Активация проектного контекста | 2025-10-03 13:36:23.310 | com._1c.g5.v8.dt.platform.services.core | /trace/infobase/resource-processing | com._1c.g5.v8.dt.internal.platform.services.core.PlatformServicesCore | trace | 237 | File has been synchronized with BM, going to determine list of what to update on infobase side: L/task-tracker-1c/src/Catalogs/тз_СостоянияЗаданий/ManagerModule.bsl |
| Worker-25: Активация проектного контекста | 2025-10-03 13:36:23.310 | com._1c.g5.v8.dt.platform.services.core | /trace/infobase/resource-processing | com._1c.g5.v8.dt.internal.platform.services.core.PlatformServicesCore | trace | 237 | File has been synchronized with BM, going to determine list of what to update on infobase side: L/task-tracker-1c/src/Documents/тз_Задание/Forms/ФормаДокумента/Module.bsl |
| Worker-25: Активация проектного контекста | 2025-10-03 13:36:23.311 | com._1c.g5.v8.dt.platform.services.core | /trace/infobase/resource-processing | com._1c.g5.v8.dt.internal.platform.services.core.PlatformServicesCore | trace | 237 | File has been synchronized with BM, going to determine list of what to update on infobase side: L/task-tracker-1c/src/CommonModules/тз_РаботаСФайламиСлужебный/Module.bsl |
| Worker-25: Активация проектного контекста | 2025-10-03 13:36:23.312 | com._1c.g5.v8.dt.platform.services.core | /trace/infobase/resource-processing | com._1c.g5.v8.dt.internal.platform.services.core.PlatformServicesCore | trace | 237 | File has been synchronized with BM, going to determine list of what to update on infobase side: L/task-tracker-1c/src/CommonModules/тз_ПользователиВызовСервера/Module.bsl |
| Worker-25: Активация проектного контекста | 2025-10-03 13:36:23.312 | com._1c.g5.v8.dt.platform.services.core | /trace/infobase/resource-processing | com._1c.g5.v8.dt.internal.platform.services.core.PlatformServicesCore | trace | 237 | File has been synchronized with BM, going to determine list of what to update on infobase side: L/task-tracker-1c/src/Catalogs/тз_ПрофилиЗаданий/Forms/ФормаЭлемента/Module.bsl |
| Worker-25: Активация проектного контекста | 2025-10-03 13:36:23.312 | com._1c.g5.v8.dt.platform.services.core | /trace/infobase/resource-processing | com._1c.g5.v8.dt.internal.platform.services.core.PlatformServicesCore | trace | 237 | File has been synchronized with BM, going to determine list of what to update on infobase side: L/task-tracker-1c/src/CommonModules/тз_РаботаСФайламиКлиент/Module.bsl |
| Worker-25: Активация проектного контекста | 2025-10-03 13:36:23.312 | com._1c.g5.v8.dt.platform.services.core | /trace/infobase/resource-processing | com._1c.g5.v8.dt.internal.platform.services.core.PlatformServicesCore | trace | 237 | File has been synchronized with BM, going to determine list of what to update on infobase side: L/task-tracker-1c/src/CommonModules/тз_РаботаСФайламиКлиентСлужебный/Module.bsl |
| Worker-25: Активация проектного контекста | 2025-10-03 13:36:23.313 | com._1c.g5.v8.dt.platform.services.core | /trace/infobase/resource-processing | com._1c.g5.v8.dt.internal.platform.services.core.PlatformServicesCore | trace | 237 | File has been synchronized with BM, going to determine list of what to update on infobase side: L/task-tracker-1c/src/CommonModules/тз_РаботаСФайламиВТомахСлужебный/Module.bsl |
| Worker-25: Активация проектного контекста | 2025-10-03 13:36:23.313 | com._1c.g5.v8.dt.platform.services.core | /trace/infobase/resource-processing | com._1c.g5.v8.dt.internal.platform.services.core.PlatformServicesCore | trace | 237 | File has been synchronized with BM, going to determine list of what to update on infobase side: L/task-tracker-1c/src/CommonModules/тз_ОбщегоНазначенияВызовСервераТрекер/Module.bsl |
| Worker-25: Активация проектного контекста | 2025-10-03 13:36:23.313 | com._1c.g5.v8.dt.platform.services.core | /trace/infobase/resource-processing | com._1c.g5.v8.dt.internal.platform.services.core.PlatformServicesCore | trace | 237 | File has been synchronized with BM, going to determine list of what to update on infobase side: L/task-tracker-1c/src/Catalogs/тз_ВидыЗаданий/Forms/ФормаВыбора/Module.bsl |
| Worker-25: Активация проектного контекста | 2025-10-03 13:36:23.314 | com._1c.g5.v8.dt.platform.services.core | /trace/infobase/resource-processing | com._1c.g5.v8.dt.internal.platform.services.core.PlatformServicesCore | trace | 237 | File has been synchronized with BM, going to determine list of what to update on infobase side: L/task-tracker-1c/src/Documents/тз_Задание/Forms/ФормаСписка/Module.bsl |
| Worker-25: Активация проектного контекста | 2025-10-03 13:36:23.314 | com._1c.g5.v8.dt.platform.services.core | /trace/infobase/resource-processing | com._1c.g5.v8.dt.internal.platform.services.core.PlatformServicesCore | trace | 237 | File has been synchronized with BM, going to determine list of what to update on infobase side: L/task-tracker-1c/src/Documents/тз_Задание/Commands/КомандаОткрытьСлужебнуюФормуСписка/CommandModule.bsl |
| Worker-25: Активация проектного контекста | 2025-10-03 13:36:23.314 | com._1c.g5.v8.dt.platform.services.core | /trace/infobase/resource-processing | com._1c.g5.v8.dt.internal.platform.services.core.PlatformServicesCore | trace | 237 | File has been synchronized with BM, going to determine list of what to update on infobase side: L/task-tracker-1c/src/CommonModules/тз_РаботаСФайлами/Module.bsl |
| Worker-25: Активация проектного контекста | 2025-10-03 13:36:23.315 | com._1c.g5.v8.dt.platform.services.core | /trace/infobase/resource-processing | com._1c.g5.v8.dt.internal.platform.services.core.PlatformServicesCore | trace | 237 | File has been synchronized with BM, going to determine list of what to update on infobase side: L/task-tracker-1c/src/CommonCommands/тз_Проекты/CommandModule.bsl |
| Worker-25: Активация проектного контекста | 2025-10-03 13:36:23.315 | com._1c.g5.v8.dt.platform.services.core | /trace/infobase/resource-processing | com._1c.g5.v8.dt.internal.platform.services.core.PlatformServicesCore | trace | 237 | File has been synchronized with BM, going to determine list of what to update on infobase side: L/task-tracker-1c/src/InformationRegisters/тз_ЗначенияАналитик/тз_ЗначенияАналитик.mdo |
| Worker-25: Активация проектного контекста | 2025-10-03 13:36:23.315 | com._1c.g5.v8.dt.platform.services.core | /trace/infobase/resource-processing | com._1c.g5.v8.dt.internal.platform.services.core.PlatformServicesCore | trace | 237 | File has been synchronized with BM, going to determine list of what to update on infobase side: L/task-tracker-1c/src/CommonPictures/тз_Изменить/тз_Изменить.mdo |
| Worker-25: Активация проектного контекста | 2025-10-03 13:36:23.316 | com._1c.g5.v8.dt.platform.services.core | /trace/infobase/resource-processing | com._1c.g5.v8.dt.internal.platform.services.core.PlatformServicesCore | trace | 237 | File has been synchronized with BM, going to determine list of what to update on infobase side: L/task-tracker-1c/src/CommonPictures/тз_МеждустрочныйИнтервал/тз_МеждустрочныйИнтервал.mdo |
| Worker-25: Активация проектного контекста | 2025-10-03 13:36:23.316 | com._1c.g5.v8.dt.platform.services.core | /trace/infobase/resource-processing | com._1c.g5.v8.dt.internal.platform.services.core.PlatformServicesCore | trace | 237 | File has been synchronized with BM, going to determine list of what to update on infobase side: L/task-tracker-1c/src/Catalogs/тз_Этапы/тз_Этапы.mdo |
| Worker-25: Активация проектного контекста | 2025-10-03 13:36:23.316 | com._1c.g5.v8.dt.platform.services.core | /trace/infobase/resource-processing | com._1c.g5.v8.dt.internal.platform.services.core.PlatformServicesCore | trace | 237 | File has been synchronized with BM, going to determine list of what to update on infobase side: L/task-tracker-1c/src/InformationRegisters/тз_СвязиМеждуЗаданиями/тз_СвязиМеждуЗаданиями.mdo |
| Worker-25: Активация проектного контекста | 2025-10-03 13:36:23.317 | com._1c.g5.v8.dt.platform.services.core | /trace/infobase/resource-processing | com._1c.g5.v8.dt.internal.platform.services.core.PlatformServicesCore | trace | 237 | File has been synchronized with BM, going to determine list of what to update on infobase side: L/task-tracker-1c/src/CommonPictures/тз_ИзображениеЗагрузки/тз_ИзображениеЗагрузки.mdo |
| Worker-25: Активация проектного контекста | 2025-10-03 13:36:23.317 | com._1c.g5.v8.dt.platform.services.core | /trace/infobase/resource-processing | com._1c.g5.v8.dt.internal.platform.services.core.PlatformServicesCore | trace | 237 | File has been synchronized with BM, going to determine list of what to update on infobase side: L/task-tracker-1c/src/CommonCommands/тз_Проекты/тз_Проекты.mdo |
| Worker-25: Активация проектного контекста | 2025-10-03 13:36:23.317 | com._1c.g5.v8.dt.platform.services.core | /trace/infobase/resource-processing | com._1c.g5.v8.dt.internal.platform.services.core.PlatformServicesCore | trace | 237 | File has been synchronized with BM, going to determine list of what to update on infobase side: L/task-tracker-1c/src/CommonPictures/тз_КТеме/Picture.png |
| Worker-25: Активация проектного контекста | 2025-10-03 13:36:23.317 | com._1c.g5.v8.dt.platform.services.core | /trace/infobase/resource-processing | com._1c.g5.v8.dt.internal.platform.services.core.PlatformServicesCore | trace | 237 | File has been synchronized with BM, going to determine list of what to update on infobase side: L/task-tracker-1c/src/CommonPictures/тз_Органайзер/Picture.zip |
| Worker-25: Активация проектного контекста | 2025-10-03 13:36:23.318 | com._1c.g5.v8.dt.platform.services.core | /trace/infobase/resource-processing | com._1c.g5.v8.dt.internal.platform.services.core.PlatformServicesCore | trace | 237 | File has been synchronized with BM, going to determine list of what to update on infobase side: L/task-tracker-1c/src/CommonPictures/тз_Переадресовать/тз_Переадресовать.mdo |
| Worker-25: Активация проектного контекста | 2025-10-03 13:36:23.318 | com._1c.g5.v8.dt.platform.services.core | /trace/infobase/resource-processing | com._1c.g5.v8.dt.internal.platform.services.core.PlatformServicesCore | trace | 237 | File has been synchronized with BM, going to determine list of what to update on infobase side: L/task-tracker-1c/src/Roles/тз_ПолныеПрава/тз_ПолныеПрава.mdo |
| Worker-25: Активация проектного контекста | 2025-10-03 13:36:23.318 | com._1c.g5.v8.dt.platform.services.core | /trace/infobase/resource-processing | com._1c.g5.v8.dt.internal.platform.services.core.PlatformServicesCore | trace | 237 | File has been synchronized with BM, going to determine list of what to update on infobase side: L/task-tracker-1c/src/CommonPictures/тз_ПоказатьСлужебныеКомментарии/тз_ПоказатьСлужебныеКомментарии.mdo |
| Worker-25: Активация проектного контекста | 2025-10-03 13:36:23.319 | com._1c.g5.v8.dt.platform.services.core | /trace/infobase/resource-processing | com._1c.g5.v8.dt.internal.platform.services.core.PlatformServicesCore | trace | 237 | File has been synchronized with BM, going to determine list of what to update on infobase side: L/task-tracker-1c/src/DefinedTypes/тз_ОснованиеЗадания/тз_ОснованиеЗадания.mdo |
| Worker-25: Активация проектного контекста | 2025-10-03 13:36:23.319 | com._1c.g5.v8.dt.platform.services.core | /trace/infobase/resource-processing | com._1c.g5.v8.dt.internal.platform.services.core.PlatformServicesCore | trace | 237 | File has been synchronized with BM, going to determine list of what to update on infobase side: L/task-tracker-1c/src/CommonCommands/тз_Пользователи/тз_Пользователи.mdo |
| Worker-25: Активация проектного контекста | 2025-10-03 13:36:23.319 | com._1c.g5.v8.dt.platform.services.core | /trace/infobase/resource-processing | com._1c.g5.v8.dt.internal.platform.services.core.PlatformServicesCore | trace | 237 | File has been synchronized with BM, going to determine list of what to update on infobase side: L/task-tracker-1c/src/Constants/тз_СпособХраненияФайлов/тз_СпособХраненияФайлов.mdo |
| Worker-25: Активация проектного контекста | 2025-10-03 13:36:23.320 | com._1c.g5.v8.dt.platform.services.core | /trace/infobase/resource-processing | com._1c.g5.v8.dt.internal.platform.services.core.PlatformServicesCore | trace | 237 | File has been synchronized with BM, going to determine list of what to update on infobase side: L/task-tracker-1c/src/Catalogs/тз_Проекты/тз_Проекты.mdo |
| Worker-25: Активация проектного контекста | 2025-10-03 13:36:23.320 | com._1c.g5.v8.dt.platform.services.core | /trace/infobase/resource-processing | com._1c.g5.v8.dt.internal.platform.services.core.PlatformServicesCore | trace | 237 | File has been synchronized with BM, going to determine list of what to update on infobase side: L/task-tracker-1c/src/Constants/тз_РеквизитЭтапаДляСвязиСПроектом/тз_РеквизитЭтапаДляСвязиСПроектом.mdo |
| Worker-25: Активация проектного контекста | 2025-10-03 13:36:23.320 | com._1c.g5.v8.dt.platform.services.core | /trace/infobase/resource-processing | com._1c.g5.v8.dt.internal.platform.services.core.PlatformServicesCore | trace | 237 | File has been synchronized with BM, going to determine list of what to update on infobase side: L/task-tracker-1c/src/CommonPictures/тз_ИзображениеЗагрузки/Picture.png |
| Worker-25: Активация проектного контекста | 2025-10-03 13:36:23.320 | com._1c.g5.v8.dt.platform.services.core | /trace/infobase/resource-processing | com._1c.g5.v8.dt.internal.platform.services.core.PlatformServicesCore | trace | 237 | File has been synchronized with BM, going to determine list of what to update on infobase side: L/task-tracker-1c/src/CommonTemplates/тз_ШаблонВыводаЗадания/тз_ШаблонВыводаЗадания.mdo |
| Worker-25: Активация проектного контекста | 2025-10-03 13:36:23.321 | com._1c.g5.v8.dt.platform.services.core | /trace/infobase/resource-processing | com._1c.g5.v8.dt.internal.platform.services.core.PlatformServicesCore | trace | 237 | File has been synchronized with BM, going to determine list of what to update on infobase side: L/task-tracker-1c/src/CommonModules/тз_ОбщегоНазначенияТрекер/тз_ОбщегоНазначенияТрекер.mdo |
| Worker-25: Активация проектного контекста | 2025-10-03 13:36:23.321 | com._1c.g5.v8.dt.platform.services.core | /trace/infobase/resource-processing | com._1c.g5.v8.dt.internal.platform.services.core.PlatformServicesCore | trace | 237 | File has been synchronized with BM, going to determine list of what to update on infobase side: L/task-tracker-1c/src/CommonModules/тз_РаботаСФайламиВызовСервера/тз_РаботаСФайламиВызовСервера.mdo |
| Worker-25: Активация проектного контекста | 2025-10-03 13:36:23.321 | com._1c.g5.v8.dt.platform.services.core | /trace/infobase/resource-processing | com._1c.g5.v8.dt.internal.platform.services.core.PlatformServicesCore | trace | 237 | File has been synchronized with BM, going to determine list of what to update on infobase side: L/task-tracker-1c/src/CommonModules/тз_ОбщегоНазначенияКлиентСерверТрекер/тз_ОбщегоНазначенияКлиентСерверТрекер.mdo |
| Worker-25: Активация проектного контекста | 2025-10-03 13:36:23.322 | com._1c.g5.v8.dt.platform.services.core | /trace/infobase/resource-processing | com._1c.g5.v8.dt.internal.platform.services.core.PlatformServicesCore | trace | 237 | File has been synchronized with BM, going to determine list of what to update on infobase side: L/task-tracker-1c/src/CommonForms/ОПрограмме/ОПрограмме.mdo |
| Worker-25: Активация проектного контекста | 2025-10-03 13:36:23.322 | com._1c.g5.v8.dt.platform.services.core | /trace/infobase/resource-processing | com._1c.g5.v8.dt.internal.platform.services.core.PlatformServicesCore | trace | 237 | File has been synchronized with BM, going to determine list of what to update on infobase side: L/task-tracker-1c/src/CommonPictures/тз_Логотип/тз_Логотип.mdo |
| Worker-25: Активация проектного контекста | 2025-10-03 13:36:23.322 | com._1c.g5.v8.dt.platform.services.core | /trace/infobase/resource-processing | com._1c.g5.v8.dt.internal.platform.services.core.PlatformServicesCore | trace | 237 | File has been synchronized with BM, going to determine list of what to update on infobase side: L/task-tracker-1c/src/Catalogs/тз_ВидыЗаданий/тз_ВидыЗаданий.mdo |
| Worker-25: Активация проектного контекста | 2025-10-03 13:36:23.323 | com._1c.g5.v8.dt.platform.services.core | /trace/infobase/resource-processing | com._1c.g5.v8.dt.internal.platform.services.core.PlatformServicesCore | trace | 237 | File has been synchronized with BM, going to determine list of what to update on infobase side: L/task-tracker-1c/src/Enums/тз_ТипыСвязейЗаданий/тз_ТипыСвязейЗаданий.mdo |
| Worker-25: Активация проектного контекста | 2025-10-03 13:36:23.323 | com._1c.g5.v8.dt.platform.services.core | /trace/infobase/resource-processing | com._1c.g5.v8.dt.internal.platform.services.core.PlatformServicesCore | trace | 237 | File has been synchronized with BM, going to determine list of what to update on infobase side: L/task-tracker-1c/src/CommonPictures/тз_СтатусыЗаданий/тз_СтатусыЗаданий.mdo |
| Worker-25: Активация проектного контекста | 2025-10-03 13:36:23.323 | com._1c.g5.v8.dt.platform.services.core | /trace/infobase/resource-processing | com._1c.g5.v8.dt.internal.platform.services.core.PlatformServicesCore | trace | 237 | File has been synchronized with BM, going to determine list of what to update on infobase side: L/task-tracker-1c/src/CommonModules/тз_РаботаСФайламиКлиентСервер/тз_РаботаСФайламиКлиентСервер.mdo |
| Worker-25: Активация проектного контекста | 2025-10-03 13:36:23.323 | com._1c.g5.v8.dt.platform.services.core | /trace/infobase/resource-processing | com._1c.g5.v8.dt.internal.platform.services.core.PlatformServicesCore | trace | 237 | File has been synchronized with BM, going to determine list of what to update on infobase side: L/task-tracker-1c/src/SessionParameters/тз_ТекущийПользователь/тз_ТекущийПользователь.mdo |
| Worker-25: Активация проектного контекста | 2025-10-03 13:36:23.324 | com._1c.g5.v8.dt.platform.services.core | /trace/infobase/resource-processing | com._1c.g5.v8.dt.internal.platform.services.core.PlatformServicesCore | trace | 237 | File has been synchronized with BM, going to determine list of what to update on infobase side: L/task-tracker-1c/src/CommonPictures/тз_СтатусыЗаданий/Picture.png |
| Worker-25: Активация проектного контекста | 2025-10-03 13:36:23.324 | com._1c.g5.v8.dt.platform.services.core | /trace/infobase/resource-processing | com._1c.g5.v8.dt.internal.platform.services.core.PlatformServicesCore | trace | 237 | File has been synchronized with BM, going to determine list of what to update on infobase side: L/task-tracker-1c/src/Enums/тз_ТипыКомментариев/тз_ТипыКомментариев.mdo |
| Worker-25: Активация проектного контекста | 2025-10-03 13:36:23.324 | com._1c.g5.v8.dt.platform.services.core | /trace/infobase/resource-processing | com._1c.g5.v8.dt.internal.platform.services.core.PlatformServicesCore | trace | 237 | File has been synchronized with BM, going to determine list of what to update on infobase side: L/task-tracker-1c/src/InformationRegisters/тз_НаблюдателиЗаданий/тз_НаблюдателиЗаданий.mdo |
| Worker-25: Активация проектного контекста | 2025-10-03 13:36:23.324 | com._1c.g5.v8.dt.platform.services.core | /trace/infobase/resource-processing | com._1c.g5.v8.dt.internal.platform.services.core.PlatformServicesCore | trace | 237 | File has been synchronized with BM, going to determine list of what to update on infobase side: L/task-tracker-1c/src/CommonPictures/тз_ИзображенияЗагрузки/Picture.png |
| Worker-25: Активация проектного контекста | 2025-10-03 13:36:23.325 | com._1c.g5.v8.dt.platform.services.core | /trace/infobase/resource-processing | com._1c.g5.v8.dt.internal.platform.services.core.PlatformServicesCore | trace | 237 | File has been synchronized with BM, going to determine list of what to update on infobase side: L/task-tracker-1c/src/Catalogs/тз_ХранилищеДвоичныхДанных/тз_ХранилищеДвоичныхДанных.mdo |
| Worker-25: Активация проектного контекста | 2025-10-03 13:36:23.325 | com._1c.g5.v8.dt.platform.services.core | /trace/infobase/resource-processing | com._1c.g5.v8.dt.internal.platform.services.core.PlatformServicesCore | trace | 237 | File has been synchronized with BM, going to determine list of what to update on infobase side: L/task-tracker-1c/src/Catalogs/тз_ПрофилиЗаданий/тз_ПрофилиЗаданий.mdo |
| Worker-25: Активация проектного контекста | 2025-10-03 13:36:23.325 | com._1c.g5.v8.dt.platform.services.core | /trace/infobase/resource-processing | com._1c.g5.v8.dt.internal.platform.services.core.PlatformServicesCore | trace | 237 | File has been synchronized with BM, going to determine list of what to update on infobase side: L/task-tracker-1c/src/Catalogs/тз_ЗаданиеПрисоединенныеФайлы/тз_ЗаданиеПрисоединенныеФайлы.mdo |
| Worker-25: Активация проектного контекста | 2025-10-03 13:36:23.325 | com._1c.g5.v8.dt.platform.services.core | /trace/infobase/resource-processing | com._1c.g5.v8.dt.internal.platform.services.core.PlatformServicesCore | trace | 237 | File has been synchronized with BM, going to determine list of what to update on infobase side: L/task-tracker-1c/src/CommonModules/тз_ПользователиВызовСервера/тз_ПользователиВызовСервера.mdo |
| Worker-25: Активация проектного контекста | 2025-10-03 13:36:23.326 | com._1c.g5.v8.dt.platform.services.core | /trace/infobase/resource-processing | com._1c.g5.v8.dt.internal.platform.services.core.PlatformServicesCore | trace | 237 | File has been synchronized with BM, going to determine list of what to update on infobase side: L/task-tracker-1c/src/CommonModules/тз_ОбновлениеИнформационнойБазыТрекер/тз_ОбновлениеИнформационнойБазыТрекер.mdo |
| Worker-25: Активация проектного контекста | 2025-10-03 13:36:23.326 | com._1c.g5.v8.dt.platform.services.core | /trace/infobase/resource-processing | com._1c.g5.v8.dt.internal.platform.services.core.PlatformServicesCore | trace | 237 | File has been synchronized with BM, going to determine list of what to update on infobase side: L/task-tracker-1c/src/CommonModules/тз_ОбщегоНазначенияСлужебныйКлиентСервер/тз_ОбщегоНазначенияСлужебныйКлиентСервер.mdo |
| Worker-25: Активация проектного контекста | 2025-10-03 13:36:23.326 | com._1c.g5.v8.dt.platform.services.core | /trace/infobase/resource-processing | com._1c.g5.v8.dt.internal.platform.services.core.PlatformServicesCore | trace | 237 | File has been synchronized with BM, going to determine list of what to update on infobase side: L/task-tracker-1c/src/CommonModules/тз_РаботаСФайламиВТомахСлужебный/тз_РаботаСФайламиВТомахСлужебный.mdo |
| Worker-25: Активация проектного контекста | 2025-10-03 13:36:23.326 | com._1c.g5.v8.dt.platform.services.core | /trace/infobase/resource-processing | com._1c.g5.v8.dt.internal.platform.services.core.PlatformServicesCore | trace | 237 | File has been synchronized with BM, going to determine list of what to update on infobase side: L/task-tracker-1c/src/CommonCommands/тз_Этапы/тз_Этапы.mdo |
| Worker-25: Активация проектного контекста | 2025-10-03 13:36:23.327 | com._1c.g5.v8.dt.platform.services.core | /trace/infobase/resource-processing | com._1c.g5.v8.dt.internal.platform.services.core.PlatformServicesCore | trace | 237 | File has been synchronized with BM, going to determine list of what to update on infobase side: L/task-tracker-1c/src/Enums/тз_СтатусыИзвлеченияТекстаФайлов/тз_СтатусыИзвлеченияТекстаФайлов.mdo |
| Worker-25: Активация проектного контекста | 2025-10-03 13:36:23.327 | com._1c.g5.v8.dt.platform.services.core | /trace/infobase/resource-processing | com._1c.g5.v8.dt.internal.platform.services.core.PlatformServicesCore | trace | 237 | File has been synchronized with BM, going to determine list of what to update on infobase side: L/task-tracker-1c/src/Catalogs/тз_ЗначенияСвойствОбъектов/тз_ЗначенияСвойствОбъектов.mdo |
| Worker-25: Активация проектного контекста | 2025-10-03 13:36:23.327 | com._1c.g5.v8.dt.platform.services.core | /trace/infobase/resource-processing | com._1c.g5.v8.dt.internal.platform.services.core.PlatformServicesCore | trace | 237 | File has been synchronized with BM, going to determine list of what to update on infobase side: L/task-tracker-1c/src/Catalogs/тз_ТомаХраненияФайлов/тз_ТомаХраненияФайлов.mdo |
| Worker-25: Активация проектного контекста | 2025-10-03 13:36:23.327 | com._1c.g5.v8.dt.platform.services.core | /trace/infobase/resource-processing | com._1c.g5.v8.dt.internal.platform.services.core.PlatformServicesCore | trace | 237 | File has been synchronized with BM, going to determine list of what to update on infobase side: L/task-tracker-1c/src/CommonModules/тз_ОбщегоНазначенияВызовСервераТрекер/тз_ОбщегоНазначенияВызовСервераТрекер.mdo |
| Worker-25: Активация проектного контекста | 2025-10-03 13:36:23.328 | com._1c.g5.v8.dt.platform.services.core | /trace/infobase/resource-processing | com._1c.g5.v8.dt.internal.platform.services.core.PlatformServicesCore | trace | 237 | File has been synchronized with BM, going to determine list of what to update on infobase side: L/task-tracker-1c/src/DefinedTypes/тз_Этапы/тз_Этапы.mdo |
| Worker-25: Активация проектного контекста | 2025-10-03 13:36:23.328 | com._1c.g5.v8.dt.platform.services.core | /trace/infobase/resource-processing | com._1c.g5.v8.dt.internal.platform.services.core.PlatformServicesCore | trace | 237 | File has been synchronized with BM, going to determine list of what to update on infobase side: L/task-tracker-1c/src/CommonPictures/тз_СкрытьСлужебныеКомментарии/Picture.svg |
| Worker-25: Активация проектного контекста | 2025-10-03 13:36:23.328 | com._1c.g5.v8.dt.platform.services.core | /trace/infobase/resource-processing | com._1c.g5.v8.dt.internal.platform.services.core.PlatformServicesCore | trace | 237 | File has been synchronized with BM, going to determine list of what to update on infobase side: L/task-tracker-1c/src/Constants/тз_ПараметрыХраненияФайловВИБ/тз_ПараметрыХраненияФайловВИБ.mdo |
| Worker-25: Активация проектного контекста | 2025-10-03 13:36:23.328 | com._1c.g5.v8.dt.platform.services.core | /trace/infobase/resource-processing | com._1c.g5.v8.dt.internal.platform.services.core.PlatformServicesCore | trace | 237 | File has been synchronized with BM, going to determine list of what to update on infobase side: L/task-tracker-1c/src/Enums/тз_ТипыХраненияФайлов/тз_ТипыХраненияФайлов.mdo |
| Worker-25: Активация проектного контекста | 2025-10-03 13:36:23.329 | com._1c.g5.v8.dt.platform.services.core | /trace/infobase/resource-processing | com._1c.g5.v8.dt.internal.platform.services.core.PlatformServicesCore | trace | 237 | File has been synchronized with BM, going to determine list of what to update on infobase side: L/task-tracker-1c/src/InformationRegisters/тз_ТегиЗаданий/тз_ТегиЗаданий.mdo |
| Worker-25: Активация проектного контекста | 2025-10-03 13:36:23.329 | com._1c.g5.v8.dt.platform.services.core | /trace/infobase/resource-processing | com._1c.g5.v8.dt.internal.platform.services.core.PlatformServicesCore | trace | 237 | File has been synchronized with BM, going to determine list of what to update on infobase side: L/task-tracker-1c/src/Subsystems/тз_ТрекерЗаданий/Subsystems/Развитие/Развитие.mdo |
| Worker-25: Активация проектного контекста | 2025-10-03 13:36:23.329 | com._1c.g5.v8.dt.platform.services.core | /trace/infobase/resource-processing | com._1c.g5.v8.dt.internal.platform.services.core.PlatformServicesCore | trace | 237 | File has been synchronized with BM, going to determine list of what to update on infobase side: L/task-tracker-1c/src/Documents/тз_Задание/тз_Задание.mdo |
| Worker-25: Активация проектного контекста | 2025-10-03 13:36:23.329 | com._1c.g5.v8.dt.platform.services.core | /trace/infobase/resource-processing | com._1c.g5.v8.dt.internal.platform.services.core.PlatformServicesCore | trace | 237 | File has been synchronized with BM, going to determine list of what to update on infobase side: L/task-tracker-1c/src/Subsystems/тз_ТрекерЗаданий/тз_ТрекерЗаданий.mdo |
| Worker-25: Активация проектного контекста | 2025-10-03 13:36:23.330 | com._1c.g5.v8.dt.platform.services.core | /trace/infobase/resource-processing | com._1c.g5.v8.dt.internal.platform.services.core.PlatformServicesCore | trace | 237 | File has been synchronized with BM, going to determine list of what to update on infobase side: L/task-tracker-1c/src/Constants/тз_ВерсияРасширения/тз_ВерсияРасширения.mdo |
| Worker-25: Активация проектного контекста | 2025-10-03 13:36:23.330 | com._1c.g5.v8.dt.platform.services.core | /trace/infobase/resource-processing | com._1c.g5.v8.dt.internal.platform.services.core.PlatformServicesCore | trace | 237 | File has been synchronized with BM, going to determine list of what to update on infobase side: L/task-tracker-1c/src/Enums/тз_РежимыФормы/тз_РежимыФормы.mdo |
| Worker-25: Активация проектного контекста | 2025-10-03 13:36:23.330 | com._1c.g5.v8.dt.platform.services.core | /trace/infobase/resource-processing | com._1c.g5.v8.dt.internal.platform.services.core.PlatformServicesCore | trace | 237 | File has been synchronized with BM, going to determine list of what to update on infobase side: L/task-tracker-1c/src/CommonPictures/тз_МеждустрочныйИнтервал/Picture.png |
| Worker-25: Активация проектного контекста | 2025-10-03 13:36:23.331 | com._1c.g5.v8.dt.platform.services.core | /trace/infobase/resource-processing | com._1c.g5.v8.dt.internal.platform.services.core.PlatformServicesCore | trace | 237 | File has been synchronized with BM, going to determine list of what to update on infobase side: L/task-tracker-1c/src/CommonPictures/тз_ИзображенияЗагрузки/тз_ИзображенияЗагрузки.mdo |
| Worker-25: Активация проектного контекста | 2025-10-03 13:36:23.331 | com._1c.g5.v8.dt.platform.services.core | /trace/infobase/resource-processing | com._1c.g5.v8.dt.internal.platform.services.core.PlatformServicesCore | trace | 237 | File has been synchronized with BM, going to determine list of what to update on infobase side: L/task-tracker-1c/src/DefinedTypes/тз_Пользователи/тз_Пользователи.mdo |
| Worker-25: Активация проектного контекста | 2025-10-03 13:36:23.331 | com._1c.g5.v8.dt.platform.services.core | /trace/infobase/resource-processing | com._1c.g5.v8.dt.internal.platform.services.core.PlatformServicesCore | trace | 237 | File has been synchronized with BM, going to determine list of what to update on infobase side: L/task-tracker-1c/src/Subsystems/тз_ТрекерЗаданий/Subsystems/Справочники/Справочники.mdo |
| Worker-25: Активация проектного контекста | 2025-10-03 13:36:23.331 | com._1c.g5.v8.dt.platform.services.core | /trace/infobase/resource-processing | com._1c.g5.v8.dt.internal.platform.services.core.PlatformServicesCore | trace | 237 | File has been synchronized with BM, going to determine list of what to update on infobase side: L/task-tracker-1c/src/CommonPictures/тз_Изменить/Picture.svg |
| Worker-25: Активация проектного контекста | 2025-10-03 13:36:23.332 | com._1c.g5.v8.dt.platform.services.core | /trace/infobase/resource-processing | com._1c.g5.v8.dt.internal.platform.services.core.PlatformServicesCore | trace | 237 | File has been synchronized with BM, going to determine list of what to update on infobase side: L/task-tracker-1c/src/CommonCommands/тз_СписокЗаданийЭтапы/тз_СписокЗаданийЭтапы.mdo |
| Worker-25: Активация проектного контекста | 2025-10-03 13:36:23.332 | com._1c.g5.v8.dt.platform.services.core | /trace/infobase/resource-processing | com._1c.g5.v8.dt.internal.platform.services.core.PlatformServicesCore | trace | 237 | File has been synchronized with BM, going to determine list of what to update on infobase side: L/task-tracker-1c/src/Catalogs/тз_Приоритеты/тз_Приоритеты.mdo |
| Worker-25: Активация проектного контекста | 2025-10-03 13:36:23.332 | com._1c.g5.v8.dt.platform.services.core | /trace/infobase/resource-processing | com._1c.g5.v8.dt.internal.platform.services.core.PlatformServicesCore | trace | 237 | File has been synchronized with BM, going to determine list of what to update on infobase side: L/task-tracker-1c/src/CommonPictures/тз_ПоказатьСлужебныеКомментарии/Picture.svg |
| Worker-25: Активация проектного контекста | 2025-10-03 13:36:23.332 | com._1c.g5.v8.dt.platform.services.core | /trace/infobase/resource-processing | com._1c.g5.v8.dt.internal.platform.services.core.PlatformServicesCore | trace | 237 | File has been synchronized with BM, going to determine list of what to update on infobase side: L/task-tracker-1c/src/CommonPictures/тз_Логотип/Picture.png |
| Worker-25: Активация проектного контекста | 2025-10-03 13:36:23.333 | com._1c.g5.v8.dt.platform.services.core | /trace/infobase/resource-processing | com._1c.g5.v8.dt.internal.platform.services.core.PlatformServicesCore | trace | 237 | File has been synchronized with BM, going to determine list of what to update on infobase side: L/task-tracker-1c/src/CommonPictures/тз_Переадресовать/Picture.svg |
| Worker-25: Активация проектного контекста | 2025-10-03 13:36:23.333 | com._1c.g5.v8.dt.platform.services.core | /trace/infobase/resource-processing | com._1c.g5.v8.dt.internal.platform.services.core.PlatformServicesCore | trace | 237 | File has been synchronized with BM, going to determine list of what to update on infobase side: L/task-tracker-1c/src/CommonPictures/тз_ПодсистемаБагТрекер/тз_ПодсистемаБагТрекер.mdo |
| Worker-25: Активация проектного контекста | 2025-10-03 13:36:23.333 | com._1c.g5.v8.dt.platform.services.core | /trace/infobase/resource-processing | com._1c.g5.v8.dt.internal.platform.services.core.PlatformServicesCore | trace | 237 | File has been synchronized with BM, going to determine list of what to update on infobase side: L/task-tracker-1c/src/DefinedTypes/тз_Проекты/тз_Проекты.mdo |
| Worker-25: Активация проектного контекста | 2025-10-03 13:36:23.334 | com._1c.g5.v8.dt.platform.services.core | /trace/infobase/resource-processing | com._1c.g5.v8.dt.internal.platform.services.core.PlatformServicesCore | trace | 237 | File has been synchronized with BM, going to determine list of what to update on infobase side: L/task-tracker-1c/src/CommonPictures/тз_Перечеркивание/тз_Перечеркивание.mdo |
| Worker-25: Активация проектного контекста | 2025-10-03 13:36:23.334 | com._1c.g5.v8.dt.platform.services.core | /trace/infobase/resource-processing | com._1c.g5.v8.dt.internal.platform.services.core.PlatformServicesCore | trace | 237 | File has been synchronized with BM, going to determine list of what to update on infobase side: L/task-tracker-1c/src/CommonPictures/тз_СкрытьСлужебныеКомментарии/тз_СкрытьСлужебныеКомментарии.mdo |
| Worker-25: Активация проектного контекста | 2025-10-03 13:36:23.334 | com._1c.g5.v8.dt.platform.services.core | /trace/infobase/resource-processing | com._1c.g5.v8.dt.internal.platform.services.core.PlatformServicesCore | trace | 237 | File has been synchronized with BM, going to determine list of what to update on infobase side: L/task-tracker-1c/src/CommonCommands/тз_ОткрытьНастройкиТрекера/тз_ОткрытьНастройкиТрекера.mdo |
| Worker-25: Активация проектного контекста | 2025-10-03 13:36:23.334 | com._1c.g5.v8.dt.platform.services.core | /trace/infobase/resource-processing | com._1c.g5.v8.dt.internal.platform.services.core.PlatformServicesCore | trace | 237 | File has been synchronized with BM, going to determine list of what to update on infobase side: L/task-tracker-1c/src/CommonModules/тз_РаботаСФайлами/тз_РаботаСФайлами.mdo |
| Worker-25: Активация проектного контекста | 2025-10-03 13:36:23.335 | com._1c.g5.v8.dt.platform.services.core | /trace/infobase/resource-processing | com._1c.g5.v8.dt.internal.platform.services.core.PlatformServicesCore | trace | 237 | File has been synchronized with BM, going to determine list of what to update on infobase side: L/task-tracker-1c/src/CommonPictures/тз_ПрикрепитьФайл/тз_ПрикрепитьФайл.mdo |
| Worker-25: Активация проектного контекста | 2025-10-03 13:36:23.335 | com._1c.g5.v8.dt.platform.services.core | /trace/infobase/resource-processing | com._1c.g5.v8.dt.internal.platform.services.core.PlatformServicesCore | trace | 237 | File has been synchronized with BM, going to determine list of what to update on infobase side: L/task-tracker-1c/src/CommonPictures/тз_КТеме/тз_КТеме.mdo |
| Worker-25: Активация проектного контекста | 2025-10-03 13:36:23.335 | com._1c.g5.v8.dt.platform.services.core | /trace/infobase/resource-processing | com._1c.g5.v8.dt.internal.platform.services.core.PlatformServicesCore | trace | 237 | File has been synchronized with BM, going to determine list of what to update on infobase side: L/task-tracker-1c/src/CommonModules/тз_РаботаСФайламиКлиентСлужебный/тз_РаботаСФайламиКлиентСлужебный.mdo |
| Worker-25: Активация проектного контекста | 2025-10-03 13:36:23.335 | com._1c.g5.v8.dt.platform.services.core | /trace/infobase/resource-processing | com._1c.g5.v8.dt.internal.platform.services.core.PlatformServicesCore | trace | 237 | File has been synchronized with BM, going to determine list of what to update on infobase side: L/task-tracker-1c/src/CommonCommands/тз_СписокЗаданийПроекты/тз_СписокЗаданийПроекты.mdo |
| Worker-25: Активация проектного контекста | 2025-10-03 13:36:23.336 | com._1c.g5.v8.dt.platform.services.core | /trace/infobase/resource-processing | com._1c.g5.v8.dt.internal.platform.services.core.PlatformServicesCore | trace | 237 | File has been synchronized with BM, going to determine list of what to update on infobase side: L/task-tracker-1c/src/CommonCommands/тз_СписокЗаданийПользователь/тз_СписокЗаданийПользователь.mdo |
| Worker-25: Активация проектного контекста | 2025-10-03 13:36:23.336 | com._1c.g5.v8.dt.platform.services.core | /trace/infobase/resource-processing | com._1c.g5.v8.dt.internal.platform.services.core.PlatformServicesCore | trace | 237 | File has been synchronized with BM, going to determine list of what to update on infobase side: L/task-tracker-1c/src/Catalogs/тз_Компоненты/тз_Компоненты.mdo |
| Worker-25: Активация проектного контекста | 2025-10-03 13:36:23.336 | com._1c.g5.v8.dt.platform.services.core | /trace/infobase/resource-processing | com._1c.g5.v8.dt.internal.platform.services.core.PlatformServicesCore | trace | 237 | File has been synchronized with BM, going to determine list of what to update on infobase side: L/task-tracker-1c/src/AccumulationRegisters/тз_Трудозатраты/тз_Трудозатраты.mdo |
| Worker-25: Активация проектного контекста | 2025-10-03 13:36:23.336 | com._1c.g5.v8.dt.platform.services.core | /trace/infobase/resource-processing | com._1c.g5.v8.dt.internal.platform.services.core.PlatformServicesCore | trace | 237 | File has been synchronized with BM, going to determine list of what to update on infobase side: L/task-tracker-1c/src/Enums/тз_СтатусыВыполнения/тз_СтатусыВыполнения.mdo |
| Worker-25: Активация проектного контекста | 2025-10-03 13:36:23.337 | com._1c.g5.v8.dt.platform.services.core | /trace/infobase/resource-processing | com._1c.g5.v8.dt.internal.platform.services.core.PlatformServicesCore | trace | 237 | File has been synchronized with BM, going to determine list of what to update on infobase side: L/task-tracker-1c/src/Constants/тз_ВремяЗаписиКомментария/тз_ВремяЗаписиКомментария.mdo |
| Worker-25: Активация проектного контекста | 2025-10-03 13:36:23.337 | com._1c.g5.v8.dt.platform.services.core | /trace/infobase/resource-processing | com._1c.g5.v8.dt.internal.platform.services.core.PlatformServicesCore | trace | 237 | File has been synchronized with BM, going to determine list of what to update on infobase side: L/task-tracker-1c/src/CommonModules/тз_РаботаСФайламиКлиент/тз_РаботаСФайламиКлиент.mdo |
| Worker-25: Активация проектного контекста | 2025-10-03 13:36:23.337 | com._1c.g5.v8.dt.platform.services.core | /trace/infobase/resource-processing | com._1c.g5.v8.dt.internal.platform.services.core.PlatformServicesCore | trace | 237 | File has been synchronized with BM, going to determine list of what to update on infobase side: L/task-tracker-1c/src/CommonModules/тз_ОбщегоНазначения/тз_ОбщегоНазначения.mdo |
| Worker-25: Активация проектного контекста | 2025-10-03 13:36:23.337 | com._1c.g5.v8.dt.platform.services.core | /trace/infobase/resource-processing | com._1c.g5.v8.dt.internal.platform.services.core.PlatformServicesCore | trace | 237 | File has been synchronized with BM, going to determine list of what to update on infobase side: L/task-tracker-1c/src/CommonPictures/тз_ИзображениеЗагрузкиСерое/Picture.png |
| Worker-25: Активация проектного контекста | 2025-10-03 13:36:23.338 | com._1c.g5.v8.dt.platform.services.core | /trace/infobase/resource-processing | com._1c.g5.v8.dt.internal.platform.services.core.PlatformServicesCore | trace | 237 | File has been synchronized with BM, going to determine list of what to update on infobase side: L/task-tracker-1c/src/InformationRegisters/тз_ЗаданияНаДосках/тз_ЗаданияНаДосках.mdo |
| Worker-25: Активация проектного контекста | 2025-10-03 13:36:23.338 | com._1c.g5.v8.dt.platform.services.core | /trace/infobase/resource-processing | com._1c.g5.v8.dt.internal.platform.services.core.PlatformServicesCore | trace | 237 | File has been synchronized with BM, going to determine list of what to update on infobase side: L/task-tracker-1c/src/Subsystems/тз_ТрекерЗаданий/Subsystems/СтруктураПроектов/СтруктураПроектов.mdo |
| Worker-25: Активация проектного контекста | 2025-10-03 13:36:23.338 | com._1c.g5.v8.dt.platform.services.core | /trace/infobase/resource-processing | com._1c.g5.v8.dt.internal.platform.services.core.PlatformServicesCore | trace | 237 | File has been synchronized with BM, going to determine list of what to update on infobase side: L/task-tracker-1c/src/Catalogs/тз_Пользователи/тз_Пользователи.mdo |
| Worker-25: Активация проектного контекста | 2025-10-03 13:36:23.338 | com._1c.g5.v8.dt.platform.services.core | /trace/infobase/resource-processing | com._1c.g5.v8.dt.internal.platform.services.core.PlatformServicesCore | trace | 237 | File has been synchronized with BM, going to determine list of what to update on infobase side: L/task-tracker-1c/src/Catalogs/тз_СостоянияЗаданий/тз_СостоянияЗаданий.mdo |
| Worker-25: Активация проектного контекста | 2025-10-03 13:36:23.338 | com._1c.g5.v8.dt.platform.services.core | /trace/infobase/resource-processing | com._1c.g5.v8.dt.internal.platform.services.core.PlatformServicesCore | trace | 237 | File has been synchronized with BM, going to determine list of what to update on infobase side: L/task-tracker-1c/src/InformationRegisters/тз_ХранилищеФайлов/тз_ХранилищеФайлов.mdo |
| Worker-25: Активация проектного контекста | 2025-10-03 13:36:23.339 | com._1c.g5.v8.dt.platform.services.core | /trace/infobase/resource-processing | com._1c.g5.v8.dt.internal.platform.services.core.PlatformServicesCore | trace | 237 | File has been synchronized with BM, going to determine list of what to update on infobase side: L/task-tracker-1c/src/CommonPictures/тз_ПрикрепитьФайл/Picture.svg |
| Worker-25: Активация проектного контекста | 2025-10-03 13:36:23.339 | com._1c.g5.v8.dt.platform.services.core | /trace/infobase/resource-processing | com._1c.g5.v8.dt.internal.platform.services.core.PlatformServicesCore | trace | 237 | File has been synchronized with BM, going to determine list of what to update on infobase side: L/task-tracker-1c/src/CommonForms/тз_ФормаНастроекТрекера/тз_ФормаНастроекТрекера.mdo |
| Worker-25: Активация проектного контекста | 2025-10-03 13:36:23.339 | com._1c.g5.v8.dt.platform.services.core | /trace/infobase/resource-processing | com._1c.g5.v8.dt.internal.platform.services.core.PlatformServicesCore | trace | 237 | File has been synchronized with BM, going to determine list of what to update on infobase side: L/task-tracker-1c/src/CommonModules/тз_ОбщегоНазначенияКлиентСервер/тз_ОбщегоНазначенияКлиентСервер.mdo |
| Worker-25: Активация проектного контекста | 2025-10-03 13:36:23.339 | com._1c.g5.v8.dt.platform.services.core | /trace/infobase/resource-processing | com._1c.g5.v8.dt.internal.platform.services.core.PlatformServicesCore | trace | 237 | File has been synchronized with BM, going to determine list of what to update on infobase side: L/task-tracker-1c/src/CommonPictures/тз_ИзображениеЗагрузкиСерое/тз_ИзображениеЗагрузкиСерое.mdo |
| Worker-25: Активация проектного контекста | 2025-10-03 13:36:23.340 | com._1c.g5.v8.dt.platform.services.core | /trace/infobase/resource-processing | com._1c.g5.v8.dt.internal.platform.services.core.PlatformServicesCore | trace | 237 | File has been synchronized with BM, going to determine list of what to update on infobase side: L/task-tracker-1c/src/CommonModules/тз_Пользователи/тз_Пользователи.mdo |
| Worker-25: Активация проектного контекста | 2025-10-03 13:36:23.340 | com._1c.g5.v8.dt.platform.services.core | /trace/infobase/resource-processing | com._1c.g5.v8.dt.internal.platform.services.core.PlatformServicesCore | trace | 237 | File has been synchronized with BM, going to determine list of what to update on infobase side: L/task-tracker-1c/src/Catalogs/тз_Спринты/тз_Спринты.mdo |
| Worker-25: Активация проектного контекста | 2025-10-03 13:36:23.340 | com._1c.g5.v8.dt.platform.services.core | /trace/infobase/resource-processing | com._1c.g5.v8.dt.internal.platform.services.core.PlatformServicesCore | trace | 237 | File has been synchronized with BM, going to determine list of what to update on infobase side: L/task-tracker-1c/src/Catalogs/тз_Теги/тз_Теги.mdo |
| Worker-25: Активация проектного контекста | 2025-10-03 13:36:23.340 | com._1c.g5.v8.dt.platform.services.core | /trace/infobase/resource-processing | com._1c.g5.v8.dt.internal.platform.services.core.PlatformServicesCore | trace | 237 | File has been synchronized with BM, going to determine list of what to update on infobase side: L/task-tracker-1c/src/Catalogs/тз_Комментарии/тз_Комментарии.mdo |
| Worker-25: Активация проектного контекста | 2025-10-03 13:36:23.341 | com._1c.g5.v8.dt.platform.services.core | /trace/infobase/resource-processing | com._1c.g5.v8.dt.internal.platform.services.core.PlatformServicesCore | trace | 237 | File has been synchronized with BM, going to determine list of what to update on infobase side: L/task-tracker-1c/src/CommonModules/тз_РаботаСФайламиСлужебный/тз_РаботаСФайламиСлужебный.mdo |
| Worker-25: Активация проектного контекста | 2025-10-03 13:36:23.341 | com._1c.g5.v8.dt.platform.services.core | /trace/infobase/resource-processing | com._1c.g5.v8.dt.internal.platform.services.core.PlatformServicesCore | trace | 237 | File has been synchronized with BM, going to determine list of what to update on infobase side: L/task-tracker-1c/src/CommonPictures/тз_Перечеркивание/Picture.png |
| Worker-25: Активация проектного контекста | 2025-10-03 13:36:23.341 | com._1c.g5.v8.dt.platform.services.core | /trace/infobase/resource-processing | com._1c.g5.v8.dt.internal.platform.services.core.PlatformServicesCore | trace | 237 | File has been synchronized with BM, going to determine list of what to update on infobase side: L/task-tracker-1c/src/CommonPictures/тз_ПодсистемаБагТрекер/Picture.svg |
| Worker-25: Активация проектного контекста | 2025-10-03 13:36:23.341 | com._1c.g5.v8.dt.platform.services.core | /trace/infobase/resource-processing | com._1c.g5.v8.dt.internal.platform.services.core.PlatformServicesCore | trace | 237 | File has been synchronized with BM, going to determine list of what to update on infobase side: L/task-tracker-1c/src/CommonPictures/тз_Органайзер/тз_Органайзер.mdo |
| Worker-25: Активация проектного контекста | 2025-10-03 13:36:23.342 | com._1c.g5.v8.dt.platform.services.core | /trace/infobase/resource-processing | com._1c.g5.v8.dt.internal.platform.services.core.PlatformServicesCore | trace | 237 | File has been synchronized with BM, going to determine list of what to update on infobase side: L/task-tracker-1c/src/Catalogs/тз_Доски/тз_Доски.mdo |
| Worker-25: Активация проектного контекста | 2025-10-03 13:36:23.342 | com._1c.g5.v8.dt.platform.services.core | /trace/infobase/resource-processing | com._1c.g5.v8.dt.internal.platform.services.core.PlatformServicesCore | trace | 237 | File has been synchronized with BM, going to determine list of what to update on infobase side: L/task-tracker-1c/src/Catalogs/тз_Релизы/тз_Релизы.mdo |
| Worker-25: Активация проектного контекста | 2025-10-03 13:36:23.342 | com._1c.g5.v8.dt.platform.services.core | /trace/infobase/resource-processing | com._1c.g5.v8.dt.internal.platform.services.core.PlatformServicesCore | trace | 237 | File has been synchronized with BM, going to determine list of what to update on infobase side: L/task-tracker-1c/src/ChartsOfCharacteristicTypes/тз_ВидыАналитик/тз_ВидыАналитик.mdo |
| Worker-25: Активация проектного контекста | 2025-10-03 13:36:23.342 | com._1c.g5.v8.dt.platform.services.core | /trace/infobase/resource-processing | com._1c.g5.v8.dt.internal.platform.services.core.PlatformServicesCore | trace | 237 | File has been synchronized with BM, going to determine list of what to update on infobase side: L/task-tracker-1c/src/Catalogs/тз_СостоянияЗаданий/Forms/ФормаЭлемента/Form.form |
| Worker-25: Активация проектного контекста | 2025-10-03 13:36:23.343 | com._1c.g5.v8.dt.platform.services.core | /trace/infobase/resource-processing | com._1c.g5.v8.dt.internal.platform.services.core.PlatformServicesCore | trace | 237 | File has been synchronized with BM, going to determine list of what to update on infobase side: L/task-tracker-1c/src/ChartsOfCharacteristicTypes/тз_ВидыАналитик/Forms/ФормаВыбора/Form.form |
| Worker-25: Активация проектного контекста | 2025-10-03 13:36:23.343 | com._1c.g5.v8.dt.platform.services.core | /trace/infobase/resource-processing | com._1c.g5.v8.dt.internal.platform.services.core.PlatformServicesCore | trace | 237 | File has been synchronized with BM, going to determine list of what to update on infobase side: L/task-tracker-1c/src/Documents/тз_Задание/Forms/ФормаСпискаСлужебная/Form.form |
| Worker-25: Активация проектного контекста | 2025-10-03 13:36:23.343 | com._1c.g5.v8.dt.platform.services.core | /trace/infobase/resource-processing | com._1c.g5.v8.dt.internal.platform.services.core.PlatformServicesCore | trace | 237 | File has been synchronized with BM, going to determine list of what to update on infobase side: L/task-tracker-1c/src/InformationRegisters/тз_ХранилищеФайлов/Forms/ФормаЗаписи/Form.form |
| Worker-25: Активация проектного контекста | 2025-10-03 13:36:23.343 | com._1c.g5.v8.dt.platform.services.core | /trace/infobase/resource-processing | com._1c.g5.v8.dt.internal.platform.services.core.PlatformServicesCore | trace | 237 | File has been synchronized with BM, going to determine list of what to update on infobase side: L/task-tracker-1c/src/Catalogs/тз_Комментарии/Forms/ФормаЭлемента/Form.form |
| Worker-25: Активация проектного контекста | 2025-10-03 13:36:23.344 | com._1c.g5.v8.dt.platform.services.core | /trace/infobase/resource-processing | com._1c.g5.v8.dt.internal.platform.services.core.PlatformServicesCore | trace | 237 | File has been synchronized with BM, going to determine list of what to update on infobase side: L/task-tracker-1c/src/InformationRegisters/тз_ХранилищеФайлов/Forms/ФормаСписка/Form.form |
| Worker-25: Активация проектного контекста | 2025-10-03 13:36:23.344 | com._1c.g5.v8.dt.platform.services.core | /trace/infobase/resource-processing | com._1c.g5.v8.dt.internal.platform.services.core.PlatformServicesCore | trace | 237 | File has been synchronized with BM, going to determine list of what to update on infobase side: L/task-tracker-1c/src/CommonForms/ОПрограмме/Items/Логотип/Picture.png |
| Worker-25: Активация проектного контекста | 2025-10-03 13:36:23.344 | com._1c.g5.v8.dt.platform.services.core | /trace/infobase/resource-processing | com._1c.g5.v8.dt.internal.platform.services.core.PlatformServicesCore | trace | 237 | File has been synchronized with BM, going to determine list of what to update on infobase side: L/task-tracker-1c/src/CommonForms/ОПрограмме/Form.form |
| Worker-25: Активация проектного контекста | 2025-10-03 13:36:23.344 | com._1c.g5.v8.dt.platform.services.core | /trace/infobase/resource-processing | com._1c.g5.v8.dt.internal.platform.services.core.PlatformServicesCore | trace | 237 | File has been synchronized with BM, going to determine list of what to update on infobase side: L/task-tracker-1c/src/Catalogs/тз_ВидыЗаданий/Forms/ФормаВыбора/Form.form |
| Worker-25: Активация проектного контекста | 2025-10-03 13:36:23.345 | com._1c.g5.v8.dt.platform.services.core | /trace/infobase/resource-processing | com._1c.g5.v8.dt.internal.platform.services.core.PlatformServicesCore | trace | 237 | File has been synchronized with BM, going to determine list of what to update on infobase side: L/task-tracker-1c/src/CommonForms/тз_ФормаНастроекТрекера/Form.form |
| Worker-25: Активация проектного контекста | 2025-10-03 13:36:23.345 | com._1c.g5.v8.dt.platform.services.core | /trace/infobase/resource-processing | com._1c.g5.v8.dt.internal.platform.services.core.PlatformServicesCore | trace | 237 | File has been synchronized with BM, going to determine list of what to update on infobase side: L/task-tracker-1c/src/Catalogs/тз_ПрофилиЗаданий/Forms/ФормаЭлемента/Form.form |
| Worker-25: Активация проектного контекста | 2025-10-03 13:36:23.345 | com._1c.g5.v8.dt.platform.services.core | /trace/infobase/resource-processing | com._1c.g5.v8.dt.internal.platform.services.core.PlatformServicesCore | trace | 237 | File has been synchronized with BM, going to determine list of what to update on infobase side: L/task-tracker-1c/src/Documents/тз_Задание/Forms/ФормаСписка/Form.form |
| Worker-25: Активация проектного контекста | 2025-10-03 13:36:23.345 | com._1c.g5.v8.dt.platform.services.core | /trace/infobase/resource-processing | com._1c.g5.v8.dt.internal.platform.services.core.PlatformServicesCore | trace | 237 | File has been synchronized with BM, going to determine list of what to update on infobase side: L/task-tracker-1c/src/Documents/тз_Задание/Forms/ФормаДокумента/Form.form |
| Worker-25: Активация проектного контекста | 2025-10-03 13:36:23.346 | com._1c.g5.v8.dt.platform.services.core | /trace/infobase/resource-processing | com._1c.g5.v8.dt.internal.platform.services.core.PlatformServicesCore | trace | 237 | File has been synchronized with BM, going to determine list of what to update on infobase side: L/task-tracker-1c/src/Documents/тз_Задание/Forms/ФормаЗадания/Form.form |
| Worker-25: Активация проектного контекста | 2025-10-03 13:36:23.346 | com._1c.g5.v8.dt.platform.services.core | /trace/infobase/resource-processing | com._1c.g5.v8.dt.internal.platform.services.core.PlatformServicesCore | trace | 237 | File has been synchronized with BM, going to determine list of what to update on infobase side: L/task-tracker-1c/src/Roles/тз_ПолныеПрава/Rights.rights |
| Worker-25: Активация проектного контекста | 2025-10-03 13:36:23.346 | com._1c.g5.v8.dt.platform.services.core | /trace/infobase/resource-processing | com._1c.g5.v8.dt.internal.platform.services.core.PlatformServicesCore | trace | 237 | File has been synchronized with BM, going to determine list of what to update on infobase side: L/task-tracker-1c/src/Configuration/CommandInterface.cmi |
| Worker-25: Активация проектного контекста | 2025-10-03 13:36:23.346 | com._1c.g5.v8.dt.platform.services.core | /trace/infobase/resource-processing | com._1c.g5.v8.dt.internal.platform.services.core.PlatformServicesCore | trace | 237 | File has been synchronized with BM, going to determine list of what to update on infobase side: L/task-tracker-1c/src/Subsystems/тз_ТрекерЗаданий/Subsystems/Справочники/CommandInterface.cmi |
| Worker-25: Активация проектного контекста | 2025-10-03 13:36:23.347 | com._1c.g5.v8.dt.platform.services.core | /trace/infobase/resource-processing | com._1c.g5.v8.dt.internal.platform.services.core.PlatformServicesCore | trace | 237 | File has been synchronized with BM, going to determine list of what to update on infobase side: L/task-tracker-1c/src/InformationRegisters/тз_ХранилищеФайлов/Forms/ФормаСписка/Attributes/Список/ExtInfo/ListSettings.dcss |
| Worker-25: Активация проектного контекста | 2025-10-03 13:36:23.347 | com._1c.g5.v8.dt.platform.services.core | /trace/infobase/resource-processing | com._1c.g5.v8.dt.internal.platform.services.core.PlatformServicesCore | trace | 237 | File has been synchronized with BM, going to determine list of what to update on infobase side: L/task-tracker-1c/src/Documents/тз_Задание/Forms/ФормаДокумента/Attributes/ЗаданиеПрисоединенныеФайлы/ExtInfo/ListSettings.dcss |
| Worker-25: Активация проектного контекста | 2025-10-03 13:36:23.347 | com._1c.g5.v8.dt.platform.services.core | /trace/infobase/resource-processing | com._1c.g5.v8.dt.internal.platform.services.core.PlatformServicesCore | trace | 237 | File has been synchronized with BM, going to determine list of what to update on infobase side: L/task-tracker-1c/src/Documents/тз_Задание/Forms/ФормаДокумента/Attributes/Комментарии/ExtInfo/ListSettings.dcss |
| Worker-25: Активация проектного контекста | 2025-10-03 13:36:23.347 | com._1c.g5.v8.dt.platform.services.core | /trace/infobase/resource-processing | com._1c.g5.v8.dt.internal.platform.services.core.PlatformServicesCore | trace | 237 | File has been synchronized with BM, going to determine list of what to update on infobase side: L/task-tracker-1c/src/Catalogs/тз_ПрофилиЗаданий/Forms/ФормаЭлемента/ConditionalAppearance.dcssca |
| Worker-25: Активация проектного контекста | 2025-10-03 13:36:23.348 | com._1c.g5.v8.dt.platform.services.core | /trace/infobase/resource-processing | com._1c.g5.v8.dt.internal.platform.services.core.PlatformServicesCore | trace | 237 | File has been synchronized with BM, going to determine list of what to update on infobase side: L/task-tracker-1c/src/Subsystems/тз_ТрекерЗаданий/Subsystems/СтруктураПроектов/CommandInterface.cmi |
| Worker-25: Активация проектного контекста | 2025-10-03 13:36:23.348 | com._1c.g5.v8.dt.platform.services.core | /trace/infobase/resource-processing | com._1c.g5.v8.dt.internal.platform.services.core.PlatformServicesCore | trace | 237 | File has been synchronized with BM, going to determine list of what to update on infobase side: L/task-tracker-1c/src/ChartsOfCharacteristicTypes/тз_ВидыАналитик/Forms/ФормаВыбора/Attributes/Список/ExtInfo/ListSettings.dcss |
| Worker-25: Активация проектного контекста | 2025-10-03 13:36:23.348 | com._1c.g5.v8.dt.platform.services.core | /trace/infobase/resource-processing | com._1c.g5.v8.dt.internal.platform.services.core.PlatformServicesCore | trace | 237 | File has been synchronized with BM, going to determine list of what to update on infobase side: L/task-tracker-1c/src/Catalogs/тз_ВидыЗаданий/Forms/ФормаВыбора/Attributes/Список/ExtInfo/ListSettings.dcss |
| Worker-25: Активация проектного контекста | 2025-10-03 13:36:23.348 | com._1c.g5.v8.dt.platform.services.core | /trace/infobase/resource-processing | com._1c.g5.v8.dt.internal.platform.services.core.PlatformServicesCore | trace | 237 | File has been synchronized with BM, going to determine list of what to update on infobase side: L/task-tracker-1c/src/Documents/тз_Задание/Forms/ФормаДокумента/Attributes/ЗначенияАналитик/ExtInfo/ListSettings.dcss |
| Worker-25: Активация проектного контекста | 2025-10-03 13:36:23.349 | com._1c.g5.v8.dt.platform.services.core | /trace/infobase/resource-processing | com._1c.g5.v8.dt.internal.platform.services.core.PlatformServicesCore | trace | 237 | File has been synchronized with BM, going to determine list of what to update on infobase side: L/task-tracker-1c/src/Documents/тз_Задание/Forms/ФормаСпискаСлужебная/Attributes/Список/ExtInfo/ListSettings.dcss |
| Worker-25: Активация проектного контекста | 2025-10-03 13:36:23.349 | com._1c.g5.v8.dt.platform.services.core | /trace/infobase/resource-processing | com._1c.g5.v8.dt.internal.platform.services.core.PlatformServicesCore | trace | 237 | File has been synchronized with BM, going to determine list of what to update on infobase side: L/task-tracker-1c/src/Documents/тз_Задание/Forms/ФормаСписка/Attributes/Список/ExtInfo/ListSettings.dcss |
| Worker-25: Активация проектного контекста | 2025-10-03 13:36:23.349 | com._1c.g5.v8.dt.platform.services.core | /trace/infobase/resource-processing | com._1c.g5.v8.dt.internal.platform.services.core.PlatformServicesCore | trace | 237 | File has been synchronized with BM, going to determine list of what to update on infobase side: L/task-tracker-1c/src/Documents/тз_Задание/Forms/ФормаЗадания/ConditionalAppearance.dcssca |
| Worker-25: Активация проектного контекста | 2025-10-03 13:36:23.349 | com._1c.g5.v8.dt.platform.services.core | /trace/infobase/resource-processing | com._1c.g5.v8.dt.internal.platform.services.core.PlatformServicesCore | trace | 237 | File has been synchronized with BM, going to determine list of what to update on infobase side: L/task-tracker-1c/src/Subsystems/тз_ТрекерЗаданий/CommandInterface.cmi |
